{"/home/ubuntu/workspace/server.js":{"path":"/home/ubuntu/workspace/server.js","s":{"1":1,"2":1,"3":1,"4":1,"5":1,"6":1,"7":1,"8":1,"9":1,"10":1,"11":1,"12":1,"13":1,"14":1,"15":1,"16":1,"17":2,"18":2,"19":1,"20":2,"21":2,"22":1,"23":0,"24":1,"25":1,"26":1,"27":1},"b":{"1":[1,0],"2":[2,0],"3":[0,1]},"f":{"1":1,"2":2,"3":2,"4":2},"fnMap":{"1":{"name":"(anonymous_1)","line":23,"loc":{"start":{"line":23,"column":6},"end":{"line":23,"column":25}}},"2":{"name":"(anonymous_2)","line":31,"loc":{"start":{"line":31,"column":11},"end":{"line":31,"column":22}}},"3":{"name":"(anonymous_3)","line":32,"loc":{"start":{"line":32,"column":27},"end":{"line":32,"column":38}}},"4":{"name":"(anonymous_4)","line":38,"loc":{"start":{"line":38,"column":15},"end":{"line":38,"column":26}}}},"statementMap":{"1":{"start":{"line":3,"column":0},"end":{"line":3,"column":33}},"2":{"start":{"line":4,"column":0},"end":{"line":4,"column":25}},"3":{"start":{"line":5,"column":0},"end":{"line":5,"column":81}},"4":{"start":{"line":6,"column":0},"end":{"line":6,"column":42}},"5":{"start":{"line":8,"column":0},"end":{"line":8,"column":32}},"6":{"start":{"line":9,"column":0},"end":{"line":9,"column":22}},"7":{"start":{"line":12,"column":0},"end":{"line":12,"column":20}},"8":{"start":{"line":14,"column":0},"end":{"line":14,"column":76}},"9":{"start":{"line":15,"column":0},"end":{"line":15,"column":62}},"10":{"start":{"line":16,"column":0},"end":{"line":16,"column":66}},"11":{"start":{"line":19,"column":0},"end":{"line":20,"column":62}},"12":{"start":{"line":22,"column":0},"end":{"line":25,"column":4}},"13":{"start":{"line":24,"column":2},"end":{"line":24,"column":44}},"14":{"start":{"line":28,"column":0},"end":{"line":28,"column":36}},"15":{"start":{"line":29,"column":0},"end":{"line":29,"column":11}},"16":{"start":{"line":31,"column":0},"end":{"line":36,"column":1}},"17":{"start":{"line":32,"column":1},"end":{"line":34,"column":4}},"18":{"start":{"line":33,"column":2},"end":{"line":33,"column":59}},"19":{"start":{"line":38,"column":0},"end":{"line":42,"column":1}},"20":{"start":{"line":39,"column":1},"end":{"line":41,"column":2}},"21":{"start":{"line":40,"column":2},"end":{"line":40,"column":17}},"22":{"start":{"line":45,"column":0},"end":{"line":53,"column":1}},"23":{"start":{"line":46,"column":1},"end":{"line":46,"column":8}},"24":{"start":{"line":49,"column":1},"end":{"line":49,"column":41}},"25":{"start":{"line":50,"column":1},"end":{"line":50,"column":21}},"26":{"start":{"line":51,"column":1},"end":{"line":51,"column":29}},"27":{"start":{"line":52,"column":1},"end":{"line":52,"column":21}}},"branchMap":{"1":{"line":28,"type":"binary-expr","locations":[{"start":{"line":28,"column":11},"end":{"line":28,"column":27}},{"start":{"line":28,"column":31},"end":{"line":28,"column":35}}]},"2":{"line":39,"type":"if","locations":[{"start":{"line":39,"column":1},"end":{"line":39,"column":1}},{"start":{"line":39,"column":1},"end":{"line":39,"column":1}}]},"3":{"line":45,"type":"if","locations":[{"start":{"line":45,"column":0},"end":{"line":45,"column":0}},{"start":{"line":45,"column":0},"end":{"line":45,"column":0}}]}}},"/home/ubuntu/workspace/app/controllers/serviceHandler.server.js":{"path":"/home/ubuntu/workspace/app/controllers/serviceHandler.server.js","s":{"1":1,"2":1,"3":3,"4":1,"5":2,"6":1},"b":{"1":[1,2]},"f":{"1":1,"2":3},"fnMap":{"1":{"name":"ServiceHandler","line":3,"loc":{"start":{"line":3,"column":0},"end":{"line":3,"column":26}}},"2":{"name":"(anonymous_2)","line":4,"loc":{"start":{"line":4,"column":20},"end":{"line":4,"column":39}}}},"statementMap":{"1":{"start":{"line":3,"column":0},"end":{"line":18,"column":1}},"2":{"start":{"line":4,"column":1},"end":{"line":14,"column":3}},"3":{"start":{"line":5,"column":2},"end":{"line":7,"column":3}},"4":{"start":{"line":6,"column":3},"end":{"line":6,"column":23}},"5":{"start":{"line":8,"column":2},"end":{"line":13,"column":5}},"6":{"start":{"line":20,"column":0},"end":{"line":20,"column":32}}},"branchMap":{"1":{"line":5,"type":"if","locations":[{"start":{"line":5,"column":2},"end":{"line":5,"column":2}},{"start":{"line":5,"column":2},"end":{"line":5,"column":2}}]}}}}