TN:
SF:/home/ubuntu/workspace/server.js
FN:23,(anonymous_1)
FN:31,(anonymous_2)
FN:32,(anonymous_3)
FN:38,(anonymous_4)
FNF:4
FNH:4
FNDA:1,(anonymous_1)
FNDA:2,(anonymous_2)
FNDA:2,(anonymous_3)
FNDA:2,(anonymous_4)
DA:3,1
DA:4,1
DA:5,1
DA:6,1
DA:8,1
DA:9,1
DA:12,1
DA:14,1
DA:15,1
DA:16,1
DA:19,1
DA:22,1
DA:24,1
DA:28,1
DA:29,1
DA:31,1
DA:32,2
DA:33,2
DA:38,1
DA:39,2
DA:40,2
DA:45,1
DA:46,0
DA:49,1
DA:50,1
DA:51,1
DA:52,1
LF:27
LH:26
BRDA:28,1,0,1
BRDA:28,1,1,0
BRDA:39,2,0,2
BRDA:39,2,1,0
BRDA:45,3,0,0
BRDA:45,3,1,1
BRF:6
BRH:3
end_of_record
TN:
SF:/home/ubuntu/workspace/app/controllers/serviceHandler.server.js
FN:3,ServiceHandler
FN:4,(anonymous_2)
FNF:2
FNH:2
FNDA:1,ServiceHandler
FNDA:3,(anonymous_2)
DA:3,1
DA:4,1
DA:5,3
DA:6,1
DA:8,2
DA:20,1
LF:6
LH:6
BRDA:5,1,0,1
BRDA:5,1,1,2
BRF:2
BRH:2
end_of_record
